<?xml version="1.0" encoding="UTF-8" ?>
<testsuite errors="0" failures="0" hostname="localhost" name="test.TestCamel" tests="1" time="0.712" timestamp="2009-09-02T17:37:24">
  <properties>
[...]
</properties>
  <testcase classname="test.TestCamel" name="receiveOrderResponse" time="0.584" />
  <system-out><![CDATA[<?xml version="1.0" encoding="UTF-8"?><order-response><order-id>1</order-id><status>2</status><comment>111</comment><diff-positions>
		<position code="1" count="0" price="50"/>
		<position code="2" count="0" price="30"/>
	</diff-positions></order-response>
]]></system-out>
  <system-err><![CDATA[]]></system-err>
</testsuite>
